#
# There is insufficient memory for the Java Runtime Environment to continue.
# Native memory allocation (malloc) failed to allocate 1443472 bytes for Chunk::new
# Possible reasons:
#   The system is out of physical RAM or swap space
#   The process is running with CompressedOops enabled, and the Java Heap may be blocking the growth of the native heap
# Possible solutions:
#   Reduce memory load on the system
#   Increase physical memory or swap space
#   Check if swap backing store is full
#   Decrease Java heap size (-Xmx/-Xms)
#   Decrease number of Java threads
#   Decrease Java thread stack sizes (-Xss)
#   Set larger code cache with -XX:ReservedCodeCacheSize=
#   JVM is running with Unscaled Compressed Oops mode in which the Java heap is
#     placed in the first 4GB address space. The Java Heap base address is the
#     maximum limit for the native heap growth. Please use -XX:HeapBaseMinAddress
#     to set the Java Heap base and to place the Java Heap above 4GB virtual address.
# This output file may be truncated or incomplete.
#
#  Out of Memory Error (allocation.cpp:389), pid=55020, tid=0x000000000000eb94
#
# JRE version: OpenJDK Runtime Environment (8.0_242-b01) (build 1.8.0_242-release-1644-b01)
# Java VM: OpenJDK 64-Bit Server VM (25.242-b01 mixed mode windows-amd64 compressed oops)
# Failed to write core dump. Minidumps are not enabled by default on client versions of Windows
#

---------------  T H R E A D  ---------------

Current thread (0x0000000019c10800):  JavaThread "C2 CompilerThread2" daemon [_thread_in_native, id=60308, stack(0x000000001a570000,0x000000001a670000)]

Stack: [0x000000001a570000,0x000000001a670000]
[error occurred during error reporting (printing stack bounds), id 0xc0000005]

Native frames: (J=compiled Java code, j=interpreted, Vv=VM code, C=native code)


Current CompileTask:
C2:   2076 1805       4       java.net.URLClassLoader$1::run (5 bytes)


---------------  P R O C E S S  ---------------

Java Threads: ( => current thread )
  0x0000000019c9a000 JavaThread "Service Thread" daemon [_thread_blocked, id=60012, stack(0x000000001a770000,0x000000001a870000)]
  0x0000000019c17800 JavaThread "C1 CompilerThread3" daemon [_thread_in_vm, id=47220, stack(0x000000001a670000,0x000000001a770000)]
=>0x0000000019c10800 JavaThread "C2 CompilerThread2" daemon [_thread_in_native, id=60308, stack(0x000000001a570000,0x000000001a670000)]
  0x0000000017dbc800 JavaThread "C2 CompilerThread1" daemon [_thread_in_native, id=57512, stack(0x000000001a470000,0x000000001a570000)]
  0x0000000017db8800 JavaThread "C2 CompilerThread0" daemon [_thread_in_native, id=56840, stack(0x000000001a370000,0x000000001a470000)]
  0x0000000019bb4000 JavaThread "Attach Listener" daemon [_thread_blocked, id=58724, stack(0x000000001a270000,0x000000001a370000)]
  0x0000000019c08000 JavaThread "Signal Dispatcher" daemon [_thread_blocked, id=54404, stack(0x000000001a170000,0x000000001a270000)]
  0x0000000002ddd000 JavaThread "Finalizer" daemon [_thread_blocked, id=59988, stack(0x000000001a070000,0x000000001a170000)]
  0x0000000019b90800 JavaThread "Reference Handler" daemon [_thread_blocked, id=48100, stack(0x0000000019f70000,0x000000001a070000)]
  0x0000000002cde800 JavaThread "main" [_thread_in_Java, id=51036, stack(0x0000000002b00000,0x0000000002c00000)]

Other Threads:
  0x0000000017da8000 VMThread [stack: 0x0000000019a70000,0x0000000019b70000] [id=57304]
  0x0000000019ca2800 WatcherThread [stack: 0x000000001a870000,0x000000001a970000] [id=59148]

VM state:not at safepoint (normal execution)

VM Mutex/Monitor currently owned by a thread: None

heap address: 0x0000000081200000, size: 2030 MB, Compressed Oops mode: 32-bit
Narrow klass base: 0x0000000000000000, Narrow klass shift: 3
Compressed class space size: 1073741824 Address: 0x0000000100000000

Heap:
 PSYoungGen      total 54784K, used 13381K [0x00000000d5b80000, 0x00000000da680000, 0x0000000100000000)
  eden space 49664K, 16% used [0x00000000d5b80000,0x00000000d63937c8,0x00000000d8c00000)
  from space 5120K, 99% used [0x00000000da180000,0x00000000da67dff8,0x00000000da680000)
  to   space 5120K, 0% used [0x00000000d9c80000,0x00000000d9c80000,0x00000000da180000)
 ParOldGen       total 64512K, used 11364K [0x0000000081200000, 0x0000000085100000, 0x00000000d5b80000)
  object space 64512K, 17% used [0x0000000081200000,0x0000000081d19320,0x0000000085100000)
 Metaspace       used 24709K, capacity 25255K, committed 25472K, reserved 1071104K
  class space    used 2935K, capacity 3082K, committed 3200K, reserved 1048576K

Card table byte_map: [0x00000000121a0000,0x00000000125a0000] byte_map_base: 0x0000000011d97000

Marking Bits: (ParMarkBitMap*) 0x0000000057f9f030
 Begin Bits: [0x0000000013050000, 0x0000000015008000)
 End Bits:   [0x0000000015008000, 0x0000000016fc0000)

Polling page: 0x00000000009e0000

CodeCache: size=245760Kb used=5859Kb max_used=5859Kb free=239900Kb
 bounds [0x0000000002de0000, 0x00000000033a0000, 0x0000000011de0000]
 total_blobs=2368 nmethods=1952 adapters=329
 compilation: enabled

Compilation events (10 events):
Event: 2.069 Thread 0x0000000019c17800 nmethod 1948 0x0000000003397410 code [0x0000000003397560, 0x0000000003397710]
Event: 2.071 Thread 0x0000000019c17800 1949       1       org.jetbrains.kotlin.com.intellij.core.CoreApplicationEnvironment::lambda$new$0 (5 bytes)
Event: 2.071 Thread 0x0000000019c17800 nmethod 1949 0x00000000033977d0 code [0x0000000003397920, 0x0000000003397a30]
Event: 2.071 Thread 0x0000000019c17800 1950       2       gnu.trove.TObjectHash::computeHashCode (13 bytes)
Event: 2.071 Thread 0x0000000019c17800 nmethod 1950 0x0000000003397a90 code [0x0000000003397c00, 0x0000000003397d88]
Event: 2.072 Thread 0x0000000019c17800 1951       3       java.util.ArrayList::set (20 bytes)
Event: 2.072 Thread 0x0000000019c17800 nmethod 1951 0x0000000003397e10 code [0x0000000003397fa0, 0x00000000033984d8]
Event: 2.072 Thread 0x0000000019c17800 1952       2       java.util.AbstractList$Itr::hasNext (20 bytes)
Event: 2.072 Thread 0x0000000019c17800 nmethod 1952 0x0000000003398790 code [0x0000000003398900, 0x0000000003398aa8]
Event: 2.072 Thread 0x0000000019c17800 1953       3       org.jetbrains.kotlin.com.intellij.util.containers.ContainerUtil::find (60 bytes)

GC Heap History (10 events):
Event: 0.768 GC heap before
{Heap before GC invocations=1 (full 0):
 PSYoungGen      total 38400K, used 33280K [0x00000000d5b80000, 0x00000000d8600000, 0x0000000100000000)
  eden space 33280K, 100% used [0x00000000d5b80000,0x00000000d7c00000,0x00000000d7c00000)
  from space 5120K, 0% used [0x00000000d8100000,0x00000000d8100000,0x00000000d8600000)
  to   space 5120K, 0% used [0x00000000d7c00000,0x00000000d7c00000,0x00000000d8100000)
 ParOldGen       total 87552K, used 0K [0x0000000081200000, 0x0000000086780000, 0x00000000d5b80000)
  object space 87552K, 0% used [0x0000000081200000,0x0000000081200000,0x0000000086780000)
 Metaspace       used 10175K, capacity 10364K, committed 10496K, reserved 1058816K
  class space    used 1113K, capacity 1180K, committed 1280K, reserved 1048576K
Event: 0.775 GC heap after
Heap after GC invocations=1 (full 0):
 PSYoungGen      total 38400K, used 5093K [0x00000000d5b80000, 0x00000000d8600000, 0x0000000100000000)
  eden space 33280K, 0% used [0x00000000d5b80000,0x00000000d5b80000,0x00000000d7c00000)
  from space 5120K, 99% used [0x00000000d7c00000,0x00000000d80f9560,0x00000000d8100000)
  to   space 5120K, 0% used [0x00000000d8100000,0x00000000d8100000,0x00000000d8600000)
 ParOldGen       total 87552K, used 2932K [0x0000000081200000, 0x0000000086780000, 0x00000000d5b80000)
  object space 87552K, 3% used [0x0000000081200000,0x00000000814dd1f8,0x0000000086780000)
 Metaspace       used 10175K, capacity 10364K, committed 10496K, reserved 1058816K
  class space    used 1113K, capacity 1180K, committed 1280K, reserved 1048576K
}
Event: 1.153 GC heap before
{Heap before GC invocations=2 (full 0):
 PSYoungGen      total 38400K, used 38373K [0x00000000d5b80000, 0x00000000d8600000, 0x0000000100000000)
  eden space 33280K, 100% used [0x00000000d5b80000,0x00000000d7c00000,0x00000000d7c00000)
  from space 5120K, 99% used [0x00000000d7c00000,0x00000000d80f9560,0x00000000d8100000)
  to   space 5120K, 0% used [0x00000000d8100000,0x00000000d8100000,0x00000000d8600000)
 ParOldGen       total 87552K, used 2932K [0x0000000081200000, 0x0000000086780000, 0x00000000d5b80000)
  object space 87552K, 3% used [0x0000000081200000,0x00000000814dd1f8,0x0000000086780000)
 Metaspace       used 16002K, capacity 16276K, committed 16384K, reserved 1062912K
  class space    used 1881K, capacity 1984K, committed 2048K, reserved 1048576K
Event: 1.162 GC heap after
Heap after GC invocations=2 (full 0):
 PSYoungGen      total 38400K, used 5089K [0x00000000d5b80000, 0x00000000da680000, 0x0000000100000000)
  eden space 33280K, 0% used [0x00000000d5b80000,0x00000000d5b80000,0x00000000d7c00000)
  from space 5120K, 99% used [0x00000000d8100000,0x00000000d85f86f8,0x00000000d8600000)
  to   space 5120K, 0% used [0x00000000d7c00000,0x00000000d7c00000,0x00000000d8100000)
 ParOldGen       total 87552K, used 8181K [0x0000000081200000, 0x0000000086780000, 0x00000000d5b80000)
  object space 87552K, 9% used [0x0000000081200000,0x00000000819fd4f8,0x0000000086780000)
 Metaspace       used 16002K, capacity 16276K, committed 16384K, reserved 1062912K
  class space    used 1881K, capacity 1984K, committed 2048K, reserved 1048576K
}
Event: 1.369 GC heap before
{Heap before GC invocations=3 (full 0):
 PSYoungGen      total 38400K, used 22701K [0x00000000d5b80000, 0x00000000da680000, 0x0000000100000000)
  eden space 33280K, 52% used [0x00000000d5b80000,0x00000000d6cb30e8,0x00000000d7c00000)
  from space 5120K, 99% used [0x00000000d8100000,0x00000000d85f86f8,0x00000000d8600000)
  to   space 5120K, 0% used [0x00000000d7c00000,0x00000000d7c00000,0x00000000d8100000)
 ParOldGen       total 87552K, used 8181K [0x0000000081200000, 0x0000000086780000, 0x00000000d5b80000)
  object space 87552K, 9% used [0x0000000081200000,0x00000000819fd4f8,0x0000000086780000)
 Metaspace       used 20662K, capacity 21144K, committed 21296K, reserved 1069056K
  class space    used 2451K, capacity 2595K, committed 2688K, reserved 1048576K
Event: 1.375 GC heap after
Heap after GC invocations=3 (full 0):
 PSYoungGen      total 38400K, used 5089K [0x00000000d5b80000, 0x00000000da680000, 0x0000000100000000)
  eden space 33280K, 0% used [0x00000000d5b80000,0x00000000d5b80000,0x00000000d7c00000)
  from space 5120K, 99% used [0x00000000d7c00000,0x00000000d80f8718,0x00000000d8100000)
  to   space 5120K, 0% used [0x00000000da180000,0x00000000da180000,0x00000000da680000)
 ParOldGen       total 87552K, used 12238K [0x0000000081200000, 0x0000000086780000, 0x00000000d5b80000)
  object space 87552K, 13% used [0x0000000081200000,0x0000000081df3870,0x0000000086780000)
 Metaspace       used 20662K, capacity 21144K, committed 21296K, reserved 1069056K
  class space    used 2451K, capacity 2595K, committed 2688K, reserved 1048576K
}
Event: 1.375 GC heap before
{Heap before GC invocations=4 (full 1):
 PSYoungGen      total 38400K, used 5089K [0x00000000d5b80000, 0x00000000da680000, 0x0000000100000000)
  eden space 33280K, 0% used [0x00000000d5b80000,0x00000000d5b80000,0x00000000d7c00000)
  from space 5120K, 99% used [0x00000000d7c00000,0x00000000d80f8718,0x00000000d8100000)
  to   space 5120K, 0% used [0x00000000da180000,0x00000000da180000,0x00000000da680000)
 ParOldGen       total 87552K, used 12238K [0x0000000081200000, 0x0000000086780000, 0x00000000d5b80000)
  object space 87552K, 13% used [0x0000000081200000,0x0000000081df3870,0x0000000086780000)
 Metaspace       used 20662K, capacity 21144K, committed 21296K, reserved 1069056K
  class space    used 2451K, capacity 2595K, committed 2688K, reserved 1048576K
Event: 1.400 GC heap after
Heap after GC invocations=4 (full 1):
 PSYoungGen      total 38400K, used 0K [0x00000000d5b80000, 0x00000000da680000, 0x0000000100000000)
  eden space 33280K, 0% used [0x00000000d5b80000,0x00000000d5b80000,0x00000000d7c00000)
  from space 5120K, 0% used [0x00000000d7c00000,0x00000000d7c00000,0x00000000d8100000)
  to   space 5120K, 0% used [0x00000000da180000,0x00000000da180000,0x00000000da680000)
 ParOldGen       total 64512K, used 9169K [0x0000000081200000, 0x0000000085100000, 0x00000000d5b80000)
  object space 64512K, 14% used [0x0000000081200000,0x0000000081af46a8,0x0000000085100000)
 Metaspace       used 20662K, capacity 21144K, committed 21296K, reserved 1069056K
  class space    used 2451K, capacity 2595K, committed 2688K, reserved 1048576K
}
Event: 1.946 GC heap before
{Heap before GC invocations=5 (full 1):
 PSYoungGen      total 38400K, used 33280K [0x00000000d5b80000, 0x00000000da680000, 0x0000000100000000)
  eden space 33280K, 100% used [0x00000000d5b80000,0x00000000d7c00000,0x00000000d7c00000)
  from space 5120K, 0% used [0x00000000d7c00000,0x00000000d7c00000,0x00000000d8100000)
  to   space 5120K, 0% used [0x00000000da180000,0x00000000da180000,0x00000000da680000)
 ParOldGen       total 64512K, used 9169K [0x0000000081200000, 0x0000000085100000, 0x00000000d5b80000)
  object space 64512K, 14% used [0x0000000081200000,0x0000000081af46a8,0x0000000085100000)
 Metaspace       used 23601K, capacity 24080K, committed 24320K, reserved 1071104K
  class space    used 2825K, capacity 2951K, committed 3072K, reserved 1048576K
Event: 1.953 GC heap after
Heap after GC invocations=5 (full 1):
 PSYoungGen      total 54784K, used 5111K [0x00000000d5b80000, 0x00000000da680000, 0x0000000100000000)
  eden space 49664K, 0% used [0x00000000d5b80000,0x00000000d5b80000,0x00000000d8c00000)
  from space 5120K, 99% used [0x00000000da180000,0x00000000da67dff8,0x00000000da680000)
  to   space 5120K, 0% used [0x00000000d9c80000,0x00000000d9c80000,0x00000000da180000)
 ParOldGen       total 64512K, used 11364K [0x0000000081200000, 0x0000000085100000, 0x00000000d5b80000)
  object space 64512K, 17% used [0x0000000081200000,0x0000000081d19320,0x0000000085100000)
 Metaspace       used 23601K, capacity 24080K, committed 24320K, reserved 1071104K
  class space    used 2825K, capacity 2951K, committed 3072K, reserved 1048576K
}

Deoptimization events (10 events):
Event: 1.764 Thread 0x0000000002cde800 Uncommon trap: reason=class_check action=maybe_recompile pc=0x00000000032fb8c8 method=gnu.trove.TObjectHash.equals(Ljava/lang/Object;Ljava/lang/Object;)Z @ 6
Event: 1.765 Thread 0x0000000002cde800 Uncommon trap: reason=class_check action=maybe_recompile pc=0x00000000032fb8c8 method=gnu.trove.TObjectHash.equals(Ljava/lang/Object;Ljava/lang/Object;)Z @ 6
Event: 2.060 Thread 0x0000000002cde800 Uncommon trap: reason=bimorphic action=maybe_recompile pc=0x00000000032f2a64 method=java.util.AbstractList$Itr.hasNext()Z @ 8
Event: 2.060 Thread 0x0000000002cde800 Uncommon trap: reason=bimorphic action=maybe_recompile pc=0x00000000032f4464 method=java.util.AbstractList$Itr.next()Ljava/lang/Object; @ 14
Event: 2.060 Thread 0x0000000002cde800 Uncommon trap: reason=bimorphic action=maybe_recompile pc=0x00000000032f2a64 method=java.util.AbstractList$Itr.hasNext()Z @ 8
Event: 2.060 Thread 0x0000000002cde800 Uncommon trap: reason=bimorphic action=maybe_recompile pc=0x00000000032f2a64 method=java.util.AbstractList$Itr.hasNext()Z @ 8
Event: 2.060 Thread 0x0000000002cde800 Uncommon trap: reason=bimorphic action=maybe_recompile pc=0x00000000032f2a64 method=java.util.AbstractList$Itr.hasNext()Z @ 8
Event: 2.060 Thread 0x0000000002cde800 Uncommon trap: reason=bimorphic action=maybe_recompile pc=0x00000000032f4464 method=java.util.AbstractList$Itr.next()Ljava/lang/Object; @ 14
Event: 2.060 Thread 0x0000000002cde800 Uncommon trap: reason=bimorphic action=maybe_recompile pc=0x00000000032f4464 method=java.util.AbstractList$Itr.next()Ljava/lang/Object; @ 14
Event: 2.060 Thread 0x0000000002cde800 Uncommon trap: reason=bimorphic action=maybe_recompile pc=0x00000000032f4464 method=java.util.AbstractList$Itr.next()Ljava/lang/Object; @ 14

Classes redefined (0 events):
No events

Internal exceptions (10 events):
Event: 0.561 Thread 0x0000000002cde800 Exception <a 'java/security/PrivilegedActionException'> (0x00000000d6a3b8f8) thrown at [C:\src\AOSP-openjdk-git\hotspot\src\share\vm\prims\jvm.cpp, line 1502]
Event: 0.561 Thread 0x0000000002cde800 Exception <a 'java/security/PrivilegedActionException'> (0x00000000d6a3c8f8) thrown at [C:\src\AOSP-openjdk-git\hotspot\src\share\vm\prims\jvm.cpp, line 1502]
Event: 0.561 Thread 0x0000000002cde800 Exception <a 'java/security/PrivilegedActionException'> (0x00000000d6a3ccf0) thrown at [C:\src\AOSP-openjdk-git\hotspot\src\share\vm\prims\jvm.cpp, line 1502]
Event: 0.720 Thread 0x0000000002cde800 Exception <a 'java/lang/ArrayIndexOutOfBoundsException'> (0x00000000d77354e8) thrown at [C:\src\AOSP-openjdk-git\hotspot\src\share\vm\runtime\sharedRuntime.cpp, line 605]
Event: 0.833 Thread 0x0000000002cde800 Exception <a 'java/lang/ArrayIndexOutOfBoundsException'> (0x00000000d6076eb0) thrown at [C:\src\AOSP-openjdk-git\hotspot\src\share\vm\runtime\sharedRuntime.cpp, line 605]
Event: 1.147 Thread 0x0000000002cde800 Exception <a 'java/lang/NoSuchMethodError': java.lang.Object.lambda$comparing$77a9974f$1(Ljava/util/function/Function;Ljava/lang/Object;Ljava/lang/Object;)I> (0x00000000d7ba1fb0) thrown at [C:\src\AOSP-openjdk-git\hotspot\src\share\vm\interpreter\linkReso
Event: 1.170 Thread 0x0000000002cde800 Exception <a 'java/lang/NoSuchMethodError': java.lang.Object.lambda$static$0()J> (0x00000000d5c22300) thrown at [C:\src\AOSP-openjdk-git\hotspot\src\share\vm\interpreter\linkResolver.cpp, line 620]
Event: 1.264 Thread 0x0000000002cde800 Exception <a 'java/lang/NoSuchMethodError': java.lang.Object.lambda$static$0(I)[Lorg/jetbrains/kotlin/com/intellij/openapi/editor/event/DocumentListener;> (0x00000000d6402a90) thrown at [C:\src\AOSP-openjdk-git\hotspot\src\share\vm\interpreter\linkResolve
Event: 1.283 Thread 0x0000000002cde800 Exception <a 'java/lang/NoSuchMethodError': java.lang.Object.lambda$static$0(I)[Lorg/jetbrains/kotlin/com/intellij/psi/PsiAnnotation;> (0x00000000d66527d8) thrown at [C:\src\AOSP-openjdk-git\hotspot\src\share\vm\interpreter\linkResolver.cpp, line 620]
Event: 1.336 Thread 0x0000000002cde800 Exception <a 'java/lang/NoSuchMethodError': java.lang.Object.lambda$static$0(I)[Lorg/jetbrains/kotlin/com/intellij/psi/PsiElement;> (0x00000000d6aa2190) thrown at [C:\src\AOSP-openjdk-git\hotspot\src\share\vm\interpreter\linkResolver.cpp, line 620]

Events (10 events):
Event: 2.060 Thread 0x0000000002cde800 DEOPT UNPACKING pc=0x0000000002e2557b sp=0x0000000002bfe4f0 mode 2
Event: 2.060 Thread 0x0000000002cde800 Uncommon trap: trap_request=0xffffffc6 fr.pc=0x00000000032f4464
Event: 2.060 Thread 0x0000000002cde800 DEOPT PACKING pc=0x00000000032f4464 sp=0x0000000002bfe550
Event: 2.060 Thread 0x0000000002cde800 DEOPT UNPACKING pc=0x0000000002e2557b sp=0x0000000002bfe4f0 mode 2
Event: 2.060 loading class org/jetbrains/kotlin/load/kotlin/JvmPackagePartProviderBase$ModuleMappingInfo
Event: 2.060 loading class org/jetbrains/kotlin/load/kotlin/JvmPackagePartProviderBase$ModuleMappingInfo done
Event: 2.061 loading class org/jetbrains/kotlin/com/intellij/util/text/CharSequenceSubSequence
Event: 2.061 loading class org/jetbrains/kotlin/com/intellij/util/text/CharSequenceSubSequence done
Event: 2.062 loading class org/jetbrains/kotlin/com/intellij/util/text/StringFactory
Event: 2.062 loading class org/jetbrains/kotlin/com/intellij/util/text/StringFactory done


Dynamic libraries:
0x00007ff6b3190000 - 0x00007ff6b31c1000 	D:\AS\jre\jre\bin\java.exe
0x00007ffb31f80000 - 0x00007ffb32170000 	C:\WINDOWS\SYSTEM32\ntdll.dll
0x00007ffb30650000 - 0x00007ffb30702000 	C:\WINDOWS\System32\KERNEL32.DLL
0x00007ffb2f1e0000 - 0x00007ffb2f485000 	C:\WINDOWS\System32\KERNELBASE.dll
0x00007ffb30b90000 - 0x00007ffb30c33000 	C:\WINDOWS\System32\ADVAPI32.dll
0x00007ffb308e0000 - 0x00007ffb3097e000 	C:\WINDOWS\System32\msvcrt.dll
0x00007ffb30710000 - 0x00007ffb307a7000 	C:\WINDOWS\System32\sechost.dll
0x00007ffb30030000 - 0x00007ffb3014f000 	C:\WINDOWS\System32\RPCRT4.dll
0x00007ffb31840000 - 0x00007ffb319d4000 	C:\WINDOWS\System32\USER32.dll
0x00007ffb2f050000 - 0x00007ffb2f071000 	C:\WINDOWS\System32\win32u.dll
0x00007ffb30150000 - 0x00007ffb30176000 	C:\WINDOWS\System32\GDI32.dll
0x00007ffb2f490000 - 0x00007ffb2f628000 	C:\WINDOWS\System32\gdi32full.dll
0x00007ffb2fdb0000 - 0x00007ffb2fe4e000 	C:\WINDOWS\System32\msvcp_win.dll
0x00007ffb2ff30000 - 0x00007ffb3002a000 	C:\WINDOWS\System32\ucrtbase.dll
0x00007ffb21c10000 - 0x00007ffb21e94000 	C:\WINDOWS\WinSxS\amd64_microsoft.windows.common-controls_6595b64144ccf1df_6.0.18362.1556_none_9e7e372fe45e41d5\COMCTL32.dll
0x00007ffb314f0000 - 0x00007ffb31826000 	C:\WINDOWS\System32\combase.dll
0x00007ffb2fea0000 - 0x00007ffb2ff21000 	C:\WINDOWS\System32\bcryptPrimitives.dll
0x00007ffb319e0000 - 0x00007ffb31a0e000 	C:\WINDOWS\System32\IMM32.DLL
0x0000000058300000 - 0x00000000583d2000 	D:\AS\jre\jre\bin\msvcr100.dll
0x00000000577d0000 - 0x000000005801b000 	D:\AS\jre\jre\bin\server\jvm.dll
0x00007ffb31430000 - 0x00007ffb31438000 	C:\WINDOWS\System32\PSAPI.DLL
0x00007ffb2a8d0000 - 0x00007ffb2a8d9000 	C:\WINDOWS\SYSTEM32\WSOCK32.dll
0x00007ffb313c0000 - 0x00007ffb3142f000 	C:\WINDOWS\System32\WS2_32.dll
0x00007ffb27b60000 - 0x00007ffb27b6a000 	C:\WINDOWS\SYSTEM32\VERSION.dll
0x00007ffb283d0000 - 0x00007ffb283f4000 	C:\WINDOWS\SYSTEM32\WINMM.dll
0x00007ffb283a0000 - 0x00007ffb283cd000 	C:\WINDOWS\SYSTEM32\winmmbase.dll
0x00007ffb2fe50000 - 0x00007ffb2fe9a000 	C:\WINDOWS\System32\cfgmgr32.dll
0x00007ffb2a8c0000 - 0x00007ffb2a8cf000 	D:\AS\jre\jre\bin\verify.dll
0x00007ffb20fd0000 - 0x00007ffb20ff9000 	D:\AS\jre\jre\bin\java.dll
0x00007ffb2a8a0000 - 0x00007ffb2a8b6000 	D:\AS\jre\jre\bin\zip.dll
0x00007ffb30c50000 - 0x00007ffb31337000 	C:\WINDOWS\System32\SHELL32.dll
0x00007ffb31440000 - 0x00007ffb314e8000 	C:\WINDOWS\System32\shcore.dll
0x00007ffb2f630000 - 0x00007ffb2fdab000 	C:\WINDOWS\System32\windows.storage.dll
0x00007ffb2ee40000 - 0x00007ffb2ee5e000 	C:\WINDOWS\System32\profapi.dll
0x00007ffb2ee60000 - 0x00007ffb2eeaa000 	C:\WINDOWS\System32\powrprof.dll
0x00007ffb2ee30000 - 0x00007ffb2ee40000 	C:\WINDOWS\System32\UMPDC.dll
0x00007ffb31a30000 - 0x00007ffb31a82000 	C:\WINDOWS\System32\shlwapi.dll
0x00007ffb2eed0000 - 0x00007ffb2eee1000 	C:\WINDOWS\System32\kernel.appcore.dll
0x00007ffb2f0b0000 - 0x00007ffb2f0c7000 	C:\WINDOWS\System32\cryptsp.dll
0x00007ffb29f50000 - 0x00007ffb29f6a000 	D:\AS\jre\jre\bin\net.dll
0x00007ffb2e670000 - 0x00007ffb2e6d7000 	C:\WINDOWS\system32\mswsock.dll
0x00007ffb1a3d0000 - 0x00007ffb1a3e3000 	D:\AS\jre\jre\bin\nio.dll

VM Arguments:
java_command: org.jetbrains.kotlin.cli.jvm.K2JVMCompiler -Xallow-no-source-files -classpath D:\AS_workspace\Reptile-Android\app\build\intermediates\compile_and_runtime_not_namespaced_r_class_jar\debug\R.jar;D:\gradle\caches\transforms-2\files-2.1\f5b0e4dc0646719e32c1acfc74031a49\databinding-adapters-4.1.0-api.jar;D:\gradle\caches\transforms-2\files-2.1\bf7af352cedc09824d9b41f8d0db03be\databinding-runtime-4.1.0-api.jar;D:\gradle\caches\modules-2\files-2.1\androidx.databinding\databinding-common\4.1.0\e0c4fa410ea245a70a9dbd140a164d50b10e55fe\databinding-common-4.1.0.jar;D:\gradle\caches\transforms-2\files-2.1\0eb78d93327033fe7ce1b3daf8e94994\jetified-viewbinding-4.1.0-api.jar;D:\gradle\caches\transforms-2\files-2.1\8161c77ea3874d4f4743a3f8e9ee9109\navigation-fragment-ktx-2.2.2-api.jar;D:\gradle\caches\transforms-2\files-2.1\b738ec9cc2653c5847caab0601a52bb7\jetified-fragment-ktx-1.2.4-api.jar;D:\gradle\caches\transforms-2\files-2.1\24d8eddd87cf9a77677688e80199b582\navigation-ui-ktx-2.2.2-api.jar;D:\gradle\caches\transforms-2\files-2.1\0649641cab1d313d26dc2af1197b68ee\navigation-runtime-ktx-2.2.2-api.jar;D:\gradle\caches\transforms-2\files-2.1\302b11e6c6982a26468e06036e0dfecd\jetified-activity-ktx-1.1.0-api.jar;D:\gradle\caches\transforms-2\files-2.1\6241f4eb0d47049c01bae33a7859d645\jetified-core-ktx-1.2.0-api.jar;D:\gradle\caches\transforms-2\files-2.1\d862d18a89de8ca2d55aec7d6f6be613\navigation-ui-2.2.2-api.jar;D:\gradle\caches\transforms-2\files-2.1\67f194f37a4c12990840a012d199a905\material-1.1.0-api.jar;D:\gradle\caches\transforms-2\files-2.1\5c8e885f61aa4b59b65e8fff777e6355\appcompat-1.1.0-api.jar;D:\gradle\caches\transforms-2\files-2.1\3f2e8a133ef34e39369b2d67ce99cd1a\jetified-viewpager2-1.0.0-api.jar;D:\gradle\caches\transforms-2\files-2.1\a3c9bdcf33a97d2c94a16cf4e043f14e\lifecycle-extensions-2.2.0-api.jar;D:\gradle\caches\transforms-2\files-2.1\5955b3930110f63a3e45714caae0ca78\legacy-support-v4-1.0.0-api.jar;D:\gradle\caches\transforms-2\files-2.1\28ac039cb00b
java_class_path (initial): D:\gradle\caches\modules-2\files-2.1\org.jetbrains.kotlin\kotlin-compiler-embeddable\1.3.72\fb72232c8fa977d5e07d33c43381ddbdc5edab6\kotlin-compiler-embeddable-1.3.72.jar;D:\gradle\caches\modules-2\files-2.1\org.jetbrains.kotlin\kotlin-reflect\1.3.72\86613e1a669a701b0c660bfd2af4f82a7ae11fca\kotlin-reflect-1.3.72.jar;D:\gradle\caches\modules-2\files-2.1\org.jetbrains.kotlin\kotlin-stdlib\1.3.72\8032138f12c0180bc4e51fe139d4c52b46db6109\kotlin-stdlib-1.3.72.jar;D:\gradle\caches\modules-2\files-2.1\org.jetbrains.kotlin\kotlin-script-runtime\1.3.72\657d8d34d91e1964b4439378c09933e840bfe8d5\kotlin-script-runtime-1.3.72.jar;D:\gradle\caches\modules-2\files-2.1\org.jetbrains.kotlin\kotlin-daemon-embeddable\1.3.72\53bbaa2816dbf6bdb85f629451b1fcc88f2164d2\kotlin-daemon-embeddable-1.3.72.jar;D:\gradle\caches\modules-2\files-2.1\org.jetbrains.intellij.deps\trove4j\1.0.20181211\216c2e14b070f334479d800987affe4054cd563f\trove4j-1.0.20181211.jar;D:\gradle\caches\modules-2\files-2.1\org.jetbrains.kotlin\kotlin-stdlib-common\1.3.72\6ca8bee3d88957eaaaef077c41c908c9940492d8\kotlin-stdlib-common-1.3.72.jar;D:\gradle\caches\modules-2\files-2.1\org.jetbrains\annotations\13.0\919f0dfe192fb4e063e7dacadee7f8bb9a2672a9\annotations-13.0.jar;D:\AS\jre\lib\tools.jar
Launcher Type: SUN_STANDARD

Environment Variables:
JAVA_HOME=D:\java\jdk
PATH=C:\ProgramData\Oracle\Java\javapath;C:\Program Files\Common Files\Oracle\Java\javapath;C:\Windows\system32;C:\Windows;C:\Windows\System32\Wbem;C:\Windows\System32\WindowsPowerShell\v1.0\;C:\Windows\System32\OpenSSH\;C:\Program Files (x86)\NVIDIA Corporation\PhysX\Common;C:\Program Files\NVIDIA Corporation\NVIDIA NGX;C:\Program Files\NVIDIA Corporation\NVIDIA NvDLISR;C:\Program Files (x86)\GtkSharp\2.12\bin;C:\WINDOWS\system32;C:\WINDOWS;C:\WINDOWS\System32\Wbem;C:\WINDOWS\System32\WindowsPowerShell\v1.0\;C:\WINDOWS\System32\OpenSSH\;D:\Git\cmd;D:\minGW\bin;D:\putty\;D:\node;D:\matlab\runtime\win64;D:\matlab\bin;D:\matlab\polyspace\bin;D:\mysql-5.7.36-winx64\bin;C:\Users\86182\AppData\Local\Programs\Python\Python37\Scripts\;C:\Users\86182\AppData\Local\Programs\Python\Python37\;C:\Users\86182\AppData\Local\Microsoft\WindowsApps;D:\Microsoft VS Code\bin;D:\mingw64\bin;C:\Program Files\MySQL\MySQL Server 8.0\bin;D:\java\tomcat\bin;D:\java\jdk\bin;D:\node;D:\AS_SDK\tools;D:\mingw64\bin;D:\AS_SDK\platform-tools;;D:\PyCharm 2021.2.3\bin;;D:\Fiddler;D:\暴雪\bin;D:\IntelliJ IDEA 2020.2.3\bin;
USERNAME=86182
OS=Windows_NT
PROCESSOR_IDENTIFIER=Intel64 Family 6 Model 158 Stepping 10, GenuineIntel



---------------  S Y S T E M  ---------------

OS: Windows 10.0 , 64 bit Build 18362 (10.0.18362.1500)

CPU:total 8 (initial active 8) (4 cores per cpu, 2 threads per core) family 6 model 158 stepping 10, cmov, cx8, fxsr, mmx, sse, sse2, sse3, ssse3, sse4.1, sse4.2, popcnt, avx, avx2, aes, clmul, erms, 3dnowpref, lzcnt, ht, tsc, tscinvbit, bmi1, bmi2, adx

Memory: 4k page, physical 8306932k(399828k free), swap 21414128k(6664k free)

vm_info: OpenJDK 64-Bit Server VM (25.242-b01) for windows-amd64 JRE (1.8.0_242-release-1644-b01), built by "builder" with MS VC++ 10.0 (VS2010)

time: Tue Apr 12 19:39:13 2022
timezone: 中国标准时间
elapsed time: 2 seconds (0d 0h 0m 2s)

